2026-03-31 13:25:39 | INFO | train_pneumonia | Classes: ['NORMAL', 'PNEUMONIA']
2026-03-31 13:25:46 | INFO | train_pneumonia | Class weights: {0: np.float64(1.9448173005219984), 1: np.float64(0.6730322580645162)}
2026-03-31 13:25:51 | INFO | train_pneumonia | Model: "efficientnet_pneumonia"
┏━━━━━━━━━━━━━━━━━━━━━━━━━━━━━━━━━━━━━━┳━━━━━━━━━━━━━━━━━━━━━━━━━━━━━┳━━━━━━━━━━━━━━━━━┓
┃ Layer (type)                         ┃ Output Shape                ┃         Param # ┃
┡━━━━━━━━━━━━━━━━━━━━━━━━━━━━━━━━━━━━━━╇━━━━━━━━━━━━━━━━━━━━━━━━━━━━━╇━━━━━━━━━━━━━━━━━┩
│ input_layer_2 (InputLayer)           │ (None, 224, 224, 3)         │               0 │
├──────────────────────────────────────┼─────────────────────────────┼─────────────────┤
│ efficientnetb0 (Functional)          │ (None, 7, 7, 1280)          │       4,049,571 │
├──────────────────────────────────────┼─────────────────────────────┼─────────────────┤
│ global_average_pooling2d             │ (None, 1280)                │               0 │
│ (GlobalAveragePooling2D)             │                             │                 │
├──────────────────────────────────────┼─────────────────────────────┼─────────────────┤
│ batch_normalization                  │ (None, 1280)                │           5,120 │
│ (BatchNormalization)                 │                             │                 │
├──────────────────────────────────────┼─────────────────────────────┼─────────────────┤
│ dropout (Dropout)                    │ (None, 1280)                │               0 │
├──────────────────────────────────────┼─────────────────────────────┼─────────────────┤
│ dense (Dense)                        │ (None, 1)                   │           1,281 │
└──────────────────────────────────────┴─────────────────────────────┴─────────────────┘
 Total params: 4,055,972 (15.47 MB)
 Trainable params: 3,841 (15.00 KB)
 Non-trainable params: 4,052,131 (15.46 MB)

2026-03-31 13:25:51 | INFO | train_pneumonia | Phase 1: Training classification head (base frozen)
2026-03-31 13:28:07 | INFO | train_pneumonia | Classes: ['NORMAL', 'PNEUMONIA']
2026-03-31 13:28:14 | INFO | train_pneumonia | Class weights: {0: np.float64(1.9448173005219984), 1: np.float64(0.6730322580645162)}
2026-03-31 13:28:15 | INFO | train_pneumonia | Model: "efficientnet_pneumonia"
┏━━━━━━━━━━━━━━━━━━━━━━━━━━━━━━━━━━━━━━┳━━━━━━━━━━━━━━━━━━━━━━━━━━━━━┳━━━━━━━━━━━━━━━━━┓
┃ Layer (type)                         ┃ Output Shape                ┃         Param # ┃
┡━━━━━━━━━━━━━━━━━━━━━━━━━━━━━━━━━━━━━━╇━━━━━━━━━━━━━━━━━━━━━━━━━━━━━╇━━━━━━━━━━━━━━━━━┩
│ input_layer_2 (InputLayer)           │ (None, 224, 224, 3)         │               0 │
├──────────────────────────────────────┼─────────────────────────────┼─────────────────┤
│ efficientnetb0 (Functional)          │ (None, 7, 7, 1280)          │       4,049,571 │
├──────────────────────────────────────┼─────────────────────────────┼─────────────────┤
│ global_average_pooling2d             │ (None, 1280)                │               0 │
│ (GlobalAveragePooling2D)             │                             │                 │
├──────────────────────────────────────┼─────────────────────────────┼─────────────────┤
│ batch_normalization                  │ (None, 1280)                │           5,120 │
│ (BatchNormalization)                 │                             │                 │
├──────────────────────────────────────┼─────────────────────────────┼─────────────────┤
│ dropout (Dropout)                    │ (None, 1280)                │               0 │
├──────────────────────────────────────┼─────────────────────────────┼─────────────────┤
│ dense (Dense)                        │ (None, 1)                   │           1,281 │
└──────────────────────────────────────┴─────────────────────────────┴─────────────────┘
 Total params: 4,055,972 (15.47 MB)
 Trainable params: 3,841 (15.00 KB)
 Non-trainable params: 4,052,131 (15.46 MB)

2026-03-31 13:28:15 | INFO | train_pneumonia | Phase 1: Training classification head (base frozen)
2026-03-31 13:45:42 | INFO | train_pneumonia | Phase 2: Fine-tuning from layer 100
2026-03-31 14:08:53 | INFO | train_pneumonia | Test results: {'loss': 0.2784, 'compile_metrics': 0.8941}
2026-03-31 18:27:58 | INFO | train_pneumonia | Classes: ['NORMAL', 'PNEUMONIA']
2026-03-31 18:28:06 | INFO | train_pneumonia | Class weights: {0: np.float64(1.9448173005219984), 1: np.float64(0.6730322580645162)}
2026-03-31 18:28:06 | INFO | train_pneumonia | Model: "efficientnet_pneumonia"
┏━━━━━━━━━━━━━━━━━━━━━━━━━━━━━━━━━━━━━━┳━━━━━━━━━━━━━━━━━━━━━━━━━━━━━┳━━━━━━━━━━━━━━━━━┓
┃ Layer (type)                         ┃ Output Shape                ┃         Param # ┃
┡━━━━━━━━━━━━━━━━━━━━━━━━━━━━━━━━━━━━━━╇━━━━━━━━━━━━━━━━━━━━━━━━━━━━━╇━━━━━━━━━━━━━━━━━┩
│ input_layer_2 (InputLayer)           │ (None, 224, 224, 3)         │               0 │
├──────────────────────────────────────┼─────────────────────────────┼─────────────────┤
│ efficientnetb0 (Functional)          │ (None, 7, 7, 1280)          │       4,049,571 │
├──────────────────────────────────────┼─────────────────────────────┼─────────────────┤
│ global_average_pooling2d             │ (None, 1280)                │               0 │
│ (GlobalAveragePooling2D)             │                             │                 │
├──────────────────────────────────────┼─────────────────────────────┼─────────────────┤
│ batch_normalization                  │ (None, 1280)                │           5,120 │
│ (BatchNormalization)                 │                             │                 │
├──────────────────────────────────────┼─────────────────────────────┼─────────────────┤
│ dropout (Dropout)                    │ (None, 1280)                │               0 │
├──────────────────────────────────────┼─────────────────────────────┼─────────────────┤
│ dense (Dense)                        │ (None, 1)                   │           1,281 │
└──────────────────────────────────────┴─────────────────────────────┴─────────────────┘
 Total params: 4,055,972 (15.47 MB)
 Trainable params: 3,841 (15.00 KB)
 Non-trainable params: 4,052,131 (15.46 MB)

2026-03-31 18:28:06 | INFO | train_pneumonia | Phase 1: Training classification head (base frozen)
2026-03-31 18:35:07 | INFO | train_pneumonia | Phase 2: Fine-tuning from layer 100
2026-03-31 18:56:58 | INFO | train_pneumonia | Test results: {'loss': 0.3199, 'compile_metrics': 0.8892}
2026-03-31 18:56:58 | INFO | train_pneumonia | Model saved → models/pneumonia_model.keras
2026-03-31 18:56:58 | INFO | train_pneumonia | Metadata saved → models/pneumonia_meta.json
2026-03-31 18:56:58 | INFO | train_pneumonia | Pneumonia training complete.
