2026-03-31 13:24:44 | INFO | train_diabetes | Loaded dataset: 768 rows, 9 columns
2026-03-31 13:24:44 | INFO | train_diabetes |   Glucose: replaced 5 zeros with NaN
2026-03-31 13:24:44 | INFO | train_diabetes |   BloodPressure: replaced 35 zeros with NaN
2026-03-31 13:24:44 | INFO | train_diabetes |   SkinThickness: replaced 227 zeros with NaN
2026-03-31 13:24:44 | INFO | train_diabetes |   Insulin: replaced 374 zeros with NaN
2026-03-31 13:24:44 | INFO | train_diabetes |   BMI: replaced 11 zeros with NaN
2026-03-31 13:24:44 | INFO | train_diabetes | Class distribution:
Outcome
0    500
1    268
Name: count, dtype: int64
2026-03-31 13:24:47 | INFO | train_diabetes | [random_forest] CV ROC-AUC: 0.8266 ± 0.0209 | F1: 0.6547
2026-03-31 13:24:48 | INFO | train_diabetes | [logistic_regression] CV ROC-AUC: 0.8362 ± 0.0203 | F1: 0.6688
2026-03-31 13:24:48 | INFO | train_diabetes | Best model: logistic_regression (ROC-AUC 0.8362)
2026-03-31 13:24:48 | INFO | train_diabetes | Final model metrics (train set):
              precision    recall  f1-score   support

 No Diabetes       0.85      0.79      0.82       500
    Diabetes       0.65      0.74      0.69       268

    accuracy                           0.77       768
   macro avg       0.75      0.76      0.76       768
weighted avg       0.78      0.77      0.77       768

2026-03-31 13:24:48 | INFO | train_diabetes | Pipeline saved → models/diabetes_pipeline.pkl
2026-03-31 13:24:48 | INFO | train_diabetes | Metadata saved → models/diabetes_meta.json
2026-03-31 13:24:48 | INFO | train_diabetes | Diabetes training complete.
2026-03-31 18:27:45 | INFO | train_diabetes | Loaded dataset: 768 rows, 9 columns
2026-03-31 18:27:45 | INFO | train_diabetes |   Glucose: replaced 5 zeros with NaN
2026-03-31 18:27:45 | INFO | train_diabetes |   BloodPressure: replaced 35 zeros with NaN
2026-03-31 18:27:45 | INFO | train_diabetes |   SkinThickness: replaced 227 zeros with NaN
2026-03-31 18:27:45 | INFO | train_diabetes |   Insulin: replaced 374 zeros with NaN
2026-03-31 18:27:45 | INFO | train_diabetes |   BMI: replaced 11 zeros with NaN
2026-03-31 18:27:45 | INFO | train_diabetes | Class distribution:
Outcome
0    500
1    268
Name: count, dtype: int64
2026-03-31 18:27:47 | INFO | train_diabetes | [random_forest] CV ROC-AUC: 0.8266 ± 0.0209 | F1: 0.6547
2026-03-31 18:27:47 | INFO | train_diabetes | [logistic_regression] CV ROC-AUC: 0.8362 ± 0.0203 | F1: 0.6688
2026-03-31 18:27:47 | INFO | train_diabetes | Best model: logistic_regression (ROC-AUC 0.8362)
2026-03-31 18:27:47 | INFO | train_diabetes | Final model metrics (train set):
              precision    recall  f1-score   support

 No Diabetes       0.85      0.79      0.82       500
    Diabetes       0.65      0.74      0.69       268

    accuracy                           0.77       768
   macro avg       0.75      0.76      0.76       768
weighted avg       0.78      0.77      0.77       768

2026-03-31 18:27:47 | INFO | train_diabetes | Pipeline saved → models/diabetes_pipeline.pkl
2026-03-31 18:27:47 | INFO | train_diabetes | Metadata saved → models/diabetes_meta.json
2026-03-31 18:27:47 | INFO | train_diabetes | Diabetes training complete.
